

Started GET "/" for 127.0.0.1 at 2012-12-08 13:53:35 -0500
Connecting to database specified by database.yml

Mysql2::Error (Can't connect to local MySQL server through socket '/tmp/mysql.sock' (2)):
  mysql2 (0.3.11) lib/mysql2/client.rb:44:in `connect'
  mysql2 (0.3.11) lib/mysql2/client.rb:44:in `initialize'
  activerecord (3.2.5) lib/active_record/connection_adapters/mysql2_adapter.rb:16:in `new'
  activerecord (3.2.5) lib/active_record/connection_adapters/mysql2_adapter.rb:16:in `mysql2_connection'
  activerecord (3.2.5) lib/active_record/connection_adapters/abstract/connection_pool.rb:309:in `new_connection'
  activerecord (3.2.5) lib/active_record/connection_adapters/abstract/connection_pool.rb:319:in `checkout_new_connection'
  activerecord (3.2.5) lib/active_record/connection_adapters/abstract/connection_pool.rb:241:in `block (2 levels) in checkout'
  activerecord (3.2.5) lib/active_record/connection_adapters/abstract/connection_pool.rb:236:in `loop'
  activerecord (3.2.5) lib/active_record/connection_adapters/abstract/connection_pool.rb:236:in `block in checkout'
  /Users/looneydoodle/.rbenv/versions/1.9.3-p194/lib/ruby/1.9.1/monitor.rb:211:in `mon_synchronize'
  activerecord (3.2.5) lib/active_record/connection_adapters/abstract/connection_pool.rb:233:in `checkout'
  activerecord (3.2.5) lib/active_record/connection_adapters/abstract/connection_pool.rb:96:in `block in connection'
  /Users/looneydoodle/.rbenv/versions/1.9.3-p194/lib/ruby/1.9.1/monitor.rb:211:in `mon_synchronize'
  activerecord (3.2.5) lib/active_record/connection_adapters/abstract/connection_pool.rb:95:in `connection'
  activerecord (3.2.5) lib/active_record/connection_adapters/abstract/connection_pool.rb:404:in `retrieve_connection'
  activerecord (3.2.5) lib/active_record/connection_adapters/abstract/connection_specification.rb:168:in `retrieve_connection'
  activerecord (3.2.5) lib/active_record/connection_adapters/abstract/connection_specification.rb:142:in `connection'
  activerecord (3.2.5) lib/active_record/query_cache.rb:67:in `rescue in call'
  activerecord (3.2.5) lib/active_record/query_cache.rb:61:in `call'
  activerecord (3.2.5) lib/active_record/connection_adapters/abstract/connection_pool.rb:473:in `call'
  actionpack (3.2.5) lib/action_dispatch/middleware/callbacks.rb:28:in `block in call'
  activesupport (3.2.5) lib/active_support/callbacks.rb:405:in `_run__2218797044027927553__call__4112684159354930497__callbacks'
  activesupport (3.2.5) lib/active_support/callbacks.rb:405:in `__run_callback'
  activesupport (3.2.5) lib/active_support/callbacks.rb:385:in `_run_call_callbacks'
  activesupport (3.2.5) lib/active_support/callbacks.rb:81:in `run_callbacks'
  actionpack (3.2.5) lib/action_dispatch/middleware/callbacks.rb:27:in `call'
  actionpack (3.2.5) lib/action_dispatch/middleware/reloader.rb:65:in `call'
  actionpack (3.2.5) lib/action_dispatch/middleware/remote_ip.rb:31:in `call'
  actionpack (3.2.5) lib/action_dispatch/middleware/debug_exceptions.rb:16:in `call'
  actionpack (3.2.5) lib/action_dispatch/middleware/show_exceptions.rb:56:in `call'
  railties (3.2.5) lib/rails/rack/logger.rb:26:in `call_app'
  railties (3.2.5) lib/rails/rack/logger.rb:16:in `call'
  actionpack (3.2.5) lib/action_dispatch/middleware/request_id.rb:22:in `call'
  rack (1.4.1) lib/rack/methodoverride.rb:21:in `call'
  rack (1.4.1) lib/rack/runtime.rb:17:in `call'
  activesupport (3.2.5) lib/active_support/cache/strategy/local_cache.rb:72:in `call'
  rack (1.4.1) lib/rack/lock.rb:15:in `call'
  actionpack (3.2.5) lib/action_dispatch/middleware/static.rb:62:in `call'
  railties (3.2.5) lib/rails/engine.rb:479:in `call'
  railties (3.2.5) lib/rails/application.rb:220:in `call'
  rack (1.4.1) lib/rack/content_length.rb:14:in `call'
  railties (3.2.5) lib/rails/rack/log_tailer.rb:17:in `call'
  thin (1.3.1) lib/thin/connection.rb:80:in `block in pre_process'
  thin (1.3.1) lib/thin/connection.rb:78:in `catch'
  thin (1.3.1) lib/thin/connection.rb:78:in `pre_process'
  thin (1.3.1) lib/thin/connection.rb:53:in `process'
  thin (1.3.1) lib/thin/connection.rb:38:in `receive_data'
  eventmachine (0.12.10) lib/eventmachine.rb:256:in `run_machine'
  eventmachine (0.12.10) lib/eventmachine.rb:256:in `run'
  thin (1.3.1) lib/thin/backends/base.rb:61:in `start'
  thin (1.3.1) lib/thin/server.rb:159:in `start'
  rack (1.4.1) lib/rack/handler/thin.rb:13:in `run'
  rack (1.4.1) lib/rack/server.rb:265:in `start'
  railties (3.2.5) lib/rails/commands/server.rb:70:in `start'
  railties (3.2.5) lib/rails/commands.rb:55:in `block in <top (required)>'
  railties (3.2.5) lib/rails/commands.rb:50:in `tap'
  railties (3.2.5) lib/rails/commands.rb:50:in `<top (required)>'
  script/rails:6:in `require'
  script/rails:6:in `<main>'


  Rendered /Users/looneydoodle/.rbenv/versions/1.9.3-p194/lib/ruby/gems/1.9.1/gems/actionpack-3.2.5/lib/action_dispatch/middleware/templates/rescues/_trace.erb (2.1ms)
  Rendered /Users/looneydoodle/.rbenv/versions/1.9.3-p194/lib/ruby/gems/1.9.1/gems/actionpack-3.2.5/lib/action_dispatch/middleware/templates/rescues/_request_and_response.erb (1.8ms)
  Rendered /Users/looneydoodle/.rbenv/versions/1.9.3-p194/lib/ruby/gems/1.9.1/gems/actionpack-3.2.5/lib/action_dispatch/middleware/templates/rescues/diagnostics.erb within rescues/layout (27.2ms)


Started GET "/" for 127.0.0.1 at 2012-12-08 13:54:23 -0500
Connecting to database specified by database.yml

Mysql2::Error (Unknown database 'rightrides_development'):
  mysql2 (0.3.11) lib/mysql2/client.rb:44:in `connect'
  mysql2 (0.3.11) lib/mysql2/client.rb:44:in `initialize'
  activerecord (3.2.5) lib/active_record/connection_adapters/mysql2_adapter.rb:16:in `new'
  activerecord (3.2.5) lib/active_record/connection_adapters/mysql2_adapter.rb:16:in `mysql2_connection'
  activerecord (3.2.5) lib/active_record/connection_adapters/abstract/connection_pool.rb:309:in `new_connection'
  activerecord (3.2.5) lib/active_record/connection_adapters/abstract/connection_pool.rb:319:in `checkout_new_connection'
  activerecord (3.2.5) lib/active_record/connection_adapters/abstract/connection_pool.rb:241:in `block (2 levels) in checkout'
  activerecord (3.2.5) lib/active_record/connection_adapters/abstract/connection_pool.rb:236:in `loop'
  activerecord (3.2.5) lib/active_record/connection_adapters/abstract/connection_pool.rb:236:in `block in checkout'
  /Users/looneydoodle/.rbenv/versions/1.9.3-p194/lib/ruby/1.9.1/monitor.rb:211:in `mon_synchronize'
  activerecord (3.2.5) lib/active_record/connection_adapters/abstract/connection_pool.rb:233:in `checkout'
  activerecord (3.2.5) lib/active_record/connection_adapters/abstract/connection_pool.rb:96:in `block in connection'
  /Users/looneydoodle/.rbenv/versions/1.9.3-p194/lib/ruby/1.9.1/monitor.rb:211:in `mon_synchronize'
  activerecord (3.2.5) lib/active_record/connection_adapters/abstract/connection_pool.rb:95:in `connection'
  activerecord (3.2.5) lib/active_record/connection_adapters/abstract/connection_pool.rb:404:in `retrieve_connection'
  activerecord (3.2.5) lib/active_record/connection_adapters/abstract/connection_specification.rb:168:in `retrieve_connection'
  activerecord (3.2.5) lib/active_record/connection_adapters/abstract/connection_specification.rb:142:in `connection'
  activerecord (3.2.5) lib/active_record/query_cache.rb:67:in `rescue in call'
  activerecord (3.2.5) lib/active_record/query_cache.rb:61:in `call'
  activerecord (3.2.5) lib/active_record/connection_adapters/abstract/connection_pool.rb:473:in `call'
  actionpack (3.2.5) lib/action_dispatch/middleware/callbacks.rb:28:in `block in call'
  activesupport (3.2.5) lib/active_support/callbacks.rb:405:in `_run__2280515727185084450__call__3715240322003201068__callbacks'
  activesupport (3.2.5) lib/active_support/callbacks.rb:405:in `__run_callback'
  activesupport (3.2.5) lib/active_support/callbacks.rb:385:in `_run_call_callbacks'
  activesupport (3.2.5) lib/active_support/callbacks.rb:81:in `run_callbacks'
  actionpack (3.2.5) lib/action_dispatch/middleware/callbacks.rb:27:in `call'
  actionpack (3.2.5) lib/action_dispatch/middleware/reloader.rb:65:in `call'
  actionpack (3.2.5) lib/action_dispatch/middleware/remote_ip.rb:31:in `call'
  actionpack (3.2.5) lib/action_dispatch/middleware/debug_exceptions.rb:16:in `call'
  actionpack (3.2.5) lib/action_dispatch/middleware/show_exceptions.rb:56:in `call'
  railties (3.2.5) lib/rails/rack/logger.rb:26:in `call_app'
  railties (3.2.5) lib/rails/rack/logger.rb:16:in `call'
  actionpack (3.2.5) lib/action_dispatch/middleware/request_id.rb:22:in `call'
  rack (1.4.1) lib/rack/methodoverride.rb:21:in `call'
  rack (1.4.1) lib/rack/runtime.rb:17:in `call'
  activesupport (3.2.5) lib/active_support/cache/strategy/local_cache.rb:72:in `call'
  rack (1.4.1) lib/rack/lock.rb:15:in `call'
  actionpack (3.2.5) lib/action_dispatch/middleware/static.rb:62:in `call'
  railties (3.2.5) lib/rails/engine.rb:479:in `call'
  railties (3.2.5) lib/rails/application.rb:220:in `call'
  rack (1.4.1) lib/rack/content_length.rb:14:in `call'
  railties (3.2.5) lib/rails/rack/log_tailer.rb:17:in `call'
  thin (1.3.1) lib/thin/connection.rb:80:in `block in pre_process'
  thin (1.3.1) lib/thin/connection.rb:78:in `catch'
  thin (1.3.1) lib/thin/connection.rb:78:in `pre_process'
  thin (1.3.1) lib/thin/connection.rb:53:in `process'
  thin (1.3.1) lib/thin/connection.rb:38:in `receive_data'
  eventmachine (0.12.10) lib/eventmachine.rb:256:in `run_machine'
  eventmachine (0.12.10) lib/eventmachine.rb:256:in `run'
  thin (1.3.1) lib/thin/backends/base.rb:61:in `start'
  thin (1.3.1) lib/thin/server.rb:159:in `start'
  rack (1.4.1) lib/rack/handler/thin.rb:13:in `run'
  rack (1.4.1) lib/rack/server.rb:265:in `start'
  railties (3.2.5) lib/rails/commands/server.rb:70:in `start'
  railties (3.2.5) lib/rails/commands.rb:55:in `block in <top (required)>'
  railties (3.2.5) lib/rails/commands.rb:50:in `tap'
  railties (3.2.5) lib/rails/commands.rb:50:in `<top (required)>'
  script/rails:6:in `require'
  script/rails:6:in `<main>'


  Rendered /Users/looneydoodle/.rbenv/versions/1.9.3-p194/lib/ruby/gems/1.9.1/gems/actionpack-3.2.5/lib/action_dispatch/middleware/templates/rescues/_trace.erb (2.1ms)
  Rendered /Users/looneydoodle/.rbenv/versions/1.9.3-p194/lib/ruby/gems/1.9.1/gems/actionpack-3.2.5/lib/action_dispatch/middleware/templates/rescues/_request_and_response.erb (2.3ms)
  Rendered /Users/looneydoodle/.rbenv/versions/1.9.3-p194/lib/ruby/gems/1.9.1/gems/actionpack-3.2.5/lib/action_dispatch/middleware/templates/rescues/diagnostics.erb within rescues/layout (27.5ms)


Started GET "/" for 127.0.0.1 at 2012-12-08 13:55:34 -0500
Connecting to database specified by database.yml
Processing by DashboardController#index as HTML
  Rendered dashboard/index.html.erb within layouts/application (1.7ms)
Compiled dashboard.css  (32ms)  (pid 10761)
Compiled application.css  (41ms)  (pid 10761)
Compiled jquery.js  (2ms)  (pid 10761)
Compiled jquery_ujs.js  (0ms)  (pid 10761)
Compiled dashboard.js  (474ms)  (pid 10761)
Compiled application.js  (515ms)  (pid 10761)
Completed 200 OK in 676ms (Views: 676.1ms | ActiveRecord: 0.0ms)


Started GET "/" for 127.0.0.1 at 2012-12-08 13:55:35 -0500
Processing by DashboardController#index as HTML
  Rendered dashboard/index.html.erb within layouts/application (0.1ms)
Completed 200 OK in 4ms (Views: 4.0ms | ActiveRecord: 0.0ms)


Started GET "/" for 127.0.0.1 at 2012-12-08 13:55:35 -0500
Processing by DashboardController#index as HTML
  Rendered dashboard/index.html.erb within layouts/application (0.0ms)
Completed 200 OK in 3ms (Views: 3.1ms | ActiveRecord: 0.0ms)


Started GET "/" for 127.0.0.1 at 2012-12-08 13:55:35 -0500
Processing by DashboardController#index as HTML
  Rendered dashboard/index.html.erb within layouts/application (0.0ms)
Completed 200 OK in 3ms (Views: 3.2ms | ActiveRecord: 0.0ms)


Started GET "/assets/application.css?body=1" for 127.0.0.1 at 2012-12-08 13:55:35 -0500
Served asset /application.css - 200 OK (2ms)


Started GET "/assets/dashboard.css?body=1" for 127.0.0.1 at 2012-12-08 13:55:35 -0500
Served asset /dashboard.css - 200 OK (1ms)


Started GET "/assets/jquery.js?body=1" for 127.0.0.1 at 2012-12-08 13:55:35 -0500
Served asset /jquery.js - 200 OK (1ms)


Started GET "/assets/dashboard.js?body=1" for 127.0.0.1 at 2012-12-08 13:55:35 -0500
Served asset /dashboard.js - 200 OK (0ms)


Started GET "/assets/jquery_ujs.js?body=1" for 127.0.0.1 at 2012-12-08 13:55:35 -0500
Served asset /jquery_ujs.js - 200 OK (1ms)


Started GET "/assets/application.js?body=1" for 127.0.0.1 at 2012-12-08 13:55:35 -0500
Served asset /application.js - 200 OK (3ms)


Started GET "/" for 127.0.0.1 at 2012-12-08 13:55:44 -0500
Processing by DashboardController#index as HTML
  Rendered dashboard/index.html.erb within layouts/application (0.0ms)
Completed 200 OK in 4ms (Views: 3.8ms | ActiveRecord: 0.0ms)


Started GET "/assets/application.css?body=1" for 127.0.0.1 at 2012-12-08 13:55:44 -0500
Served asset /application.css - 304 Not Modified (0ms)


Started GET "/assets/jquery.js?body=1" for 127.0.0.1 at 2012-12-08 13:55:44 -0500
Served asset /jquery.js - 304 Not Modified (0ms)


Started GET "/assets/dashboard.js?body=1" for 127.0.0.1 at 2012-12-08 13:55:44 -0500
Served asset /dashboard.js - 304 Not Modified (0ms)


Started GET "/assets/dashboard.css?body=1" for 127.0.0.1 at 2012-12-08 13:55:44 -0500
Served asset /dashboard.css - 304 Not Modified (0ms)


Started GET "/assets/jquery_ujs.js?body=1" for 127.0.0.1 at 2012-12-08 13:55:44 -0500
Served asset /jquery_ujs.js - 304 Not Modified (0ms)


Started GET "/assets/application.js?body=1" for 127.0.0.1 at 2012-12-08 13:55:44 -0500
Served asset /application.js - 304 Not Modified (0ms)
